  CormackRadonTransformer.cpp
c:\users\mcava\source\repos\cormackradontransformer\cormackradontransformer\cormackradontransformer.cpp(29): warning C4244: 'return': conversion from 'double' to 'int', possible loss of data
c:\users\mcava\source\repos\cormackradontransformer\cormackradontransformer\cormackradontransformer.cpp(97): warning C4267: 'initializing': conversion from 'size_t' to 'int', possible loss of data
c:\users\mcava\source\repos\cormackradontransformer\cormackradontransformer\cormackradontransformer.cpp(97): warning C4267: 'initializing': conversion from 'size_t' to 'const int', possible loss of data
c:\users\mcava\source\repos\cormackradontransformer\cormackradontransformer\cormackradontransformer.cpp(98): warning C4267: 'initializing': conversion from 'size_t' to 'int', possible loss of data
c:\users\mcava\source\repos\cormackradontransformer\cormackradontransformer\cormackradontransformer.cpp(98): warning C4267: 'initializing': conversion from 'size_t' to 'const int', possible loss of data
c:\users\mcava\source\repos\cormackradontransformer\cormackradontransformer\cormackradontransformer.cpp(251): warning C4267: 'initializing': conversion from 'size_t' to 'int', possible loss of data
c:\users\mcava\source\repos\cormackradontransformer\cormackradontransformer\cormackradontransformer.cpp(251): warning C4267: 'initializing': conversion from 'size_t' to 'const int', possible loss of data
c:\users\mcava\source\repos\cormackradontransformer\cormackradontransformer\cormackradontransformer.cpp(252): warning C4267: 'initializing': conversion from 'size_t' to 'int', possible loss of data
c:\users\mcava\source\repos\cormackradontransformer\cormackradontransformer\cormackradontransformer.cpp(252): warning C4267: 'initializing': conversion from 'size_t' to 'const int', possible loss of data
c:\users\mcava\source\repos\cormackradontransformer\cormackradontransformer\cormackradontransformer.cpp(361): warning C4267: 'initializing': conversion from 'size_t' to 'int', possible loss of data
c:\users\mcava\source\repos\cormackradontransformer\cormackradontransformer\cormackradontransformer.cpp(361): warning C4267: 'initializing': conversion from 'size_t' to 'const int', possible loss of data
c:\users\mcava\source\repos\cormackradontransformer\cormackradontransformer\cormackradontransformer.cpp(390): warning C4267: 'initializing': conversion from 'size_t' to 'int', possible loss of data
c:\users\mcava\source\repos\cormackradontransformer\cormackradontransformer\cormackradontransformer.cpp(390): warning C4267: 'initializing': conversion from 'size_t' to 'const int', possible loss of data
c:\users\mcava\source\repos\cormackradontransformer\cormackradontransformer\cormackradontransformer.cpp(391): warning C4267: 'initializing': conversion from 'size_t' to 'int', possible loss of data
c:\users\mcava\source\repos\cormackradontransformer\cormackradontransformer\cormackradontransformer.cpp(391): warning C4267: 'initializing': conversion from 'size_t' to 'const int', possible loss of data
  Generating code
  2 of 80 functions ( 2.5%) were compiled, the rest were copied from previous compilation.
    0 functions were new in current compilation
    0 functions had inline decision re-evaluated but remain unchanged
  Finished generating code
  CormackRadonTransformer.vcxproj -> C:\Users\mcava\source\repos\CormackRadonTransformer\x64\Release\CormackRadonTransformer.exe
